[18:54:20] [main/INFO]: Using mbed TLS based native cipher.
[18:54:20] [main/INFO]: Using zlib based native compressor.
[18:54:20] [main/INFO]: Enabled Waterfall version git:Waterfall-Bootstrap:1.19-R0.1-SNAPSHOT:3df3a27:526
[18:54:20] [main/INFO]: Not on Windows, attempting to use enhanced EpollEventLoop
[18:54:20] [main/INFO]: Epoll is working, utilising it!
[18:54:20] [main/INFO]: Discovered module: ModuleSpec(name=cmd_alert, file=modules/cmd_alert.jar, provider=JenkinsModuleSource())
[18:54:20] [main/INFO]: Discovered module: ModuleSpec(name=cmd_find, file=modules/cmd_find.jar, provider=JenkinsModuleSource())
[18:54:20] [main/INFO]: Discovered module: ModuleSpec(name=cmd_list, file=modules/cmd_list.jar, provider=JenkinsModuleSource())
[18:54:20] [main/INFO]: Discovered module: ModuleSpec(name=cmd_send, file=modules/cmd_send.jar, provider=JenkinsModuleSource())
[18:54:20] [main/INFO]: Discovered module: ModuleSpec(name=cmd_server, file=modules/cmd_server.jar, provider=JenkinsModuleSource())
[18:54:20] [main/INFO]: Discovered module: ModuleSpec(name=reconnect_yaml, file=modules/reconnect_yaml.jar, provider=JenkinsModuleSource())
[18:54:20] [main/INFO]: Loaded plugin reconnect_yaml version git:reconnect_yaml:1.19-R0.1-SNAPSHOT:3df3a27:526 by WaterfallMC
[18:54:20] [main/INFO]: Loaded plugin cmd_find version git:cmd_find:1.19-R0.1-SNAPSHOT:3df3a27:526 by WaterfallMC
[18:54:20] [main/INFO]: Loaded plugin cmd_server version git:cmd_server:1.19-R0.1-SNAPSHOT:3df3a27:526 by WaterfallMC
[18:54:20] [main/INFO]: Loaded plugin cmd_alert version git:cmd_alert:1.19-R0.1-SNAPSHOT:3df3a27:526 by WaterfallMC
[18:54:20] [main/INFO]: Loaded plugin cmd_send version git:cmd_send:1.19-R0.1-SNAPSHOT:3df3a27:526 by WaterfallMC
[18:54:20] [main/INFO]: Loaded plugin cmd_list version git:cmd_list:1.19-R0.1-SNAPSHOT:3df3a27:526 by WaterfallMC
[18:54:20] [main/INFO] [EaglercraftXBungee]: Loading vanilla profile: lax1dude
[18:54:22] [Skin Download Thread #1/INFO] [EaglercraftXBungee]: Loaded vanilla profile: lax1dude
[18:54:22] [main/INFO]: Loaded plugin EaglercraftXBungee version 1.0.6 by lax1dude
[18:54:22] [main/WARN]: Could not load server icon
java.lang.IllegalArgumentException: Server icon must be exactly 64x64 pixels
	at net.md_5.bungee.api.Favicon.create(Favicon.java:80) ~[bungee.jar:git:Waterfall-Bootstrap:1.19-R0.1-SNAPSHOT:3df3a27:526]
	at net.md_5.bungee.conf.Configuration.load(Configuration.java:89) ~[bungee.jar:git:Waterfall-Bootstrap:1.19-R0.1-SNAPSHOT:3df3a27:526]
	at io.github.waterfallmc.waterfall.conf.WaterfallConfiguration.load(WaterfallConfiguration.java:67) ~[bungee.jar:git:Waterfall-Bootstrap:1.19-R0.1-SNAPSHOT:3df3a27:526]
	at net.md_5.bungee.BungeeCord.start(BungeeCord.java:288) ~[bungee.jar:git:Waterfall-Bootstrap:1.19-R0.1-SNAPSHOT:3df3a27:526]
	at net.md_5.bungee.BungeeCordLauncher.main(BungeeCordLauncher.java:67) ~[bungee.jar:git:Waterfall-Bootstrap:1.19-R0.1-SNAPSHOT:3df3a27:526]
	at net.md_5.bungee.Bootstrap.main(Bootstrap.java:15) ~[bungee.jar:git:Waterfall-Bootstrap:1.19-R0.1-SNAPSHOT:3df3a27:526]
[18:54:22] [main/WARN]: Forced host server pvp is not defined
[18:54:22] [main/INFO]: Enabled plugin reconnect_yaml version git:reconnect_yaml:1.19-R0.1-SNAPSHOT:3df3a27:526 by WaterfallMC
[18:54:22] [main/INFO]: Enabled plugin cmd_find version git:cmd_find:1.19-R0.1-SNAPSHOT:3df3a27:526 by WaterfallMC
[18:54:22] [main/INFO]: Enabled plugin cmd_server version git:cmd_server:1.19-R0.1-SNAPSHOT:3df3a27:526 by WaterfallMC
[18:54:22] [main/INFO]: Enabled plugin cmd_alert version git:cmd_alert:1.19-R0.1-SNAPSHOT:3df3a27:526 by WaterfallMC
[18:54:22] [main/INFO]: Enabled plugin cmd_send version git:cmd_send:1.19-R0.1-SNAPSHOT:3df3a27:526 by WaterfallMC
[18:54:22] [main/INFO]: Enabled plugin cmd_list version git:cmd_list:1.19-R0.1-SNAPSHOT:3df3a27:526 by WaterfallMC
[18:54:22] [main/ERROR] [EaglercraftXBungee]: Online mode is set to false! Authentication system has been disabled
[18:54:22] [Netty Worker IO Thread #0/INFO] [EaglercraftXBungee]: Eaglercraft is listening on: /0.0.0.0:8081
[18:54:22] [main/INFO] [EaglercraftXBungee]: Connected to database: jdbc:sqlite:eaglercraft_skins_cache.db
[18:54:22] [main/INFO]: Enabled plugin EaglercraftXBungee version 1.0.6 by lax1dude
[18:54:22] [Netty Boss IO Thread #0/INFO]: Listening on /127.0.0.1:25577
[18:54:34] [Netty Worker IO Thread #1/INFO] [EaglercraftXBungee]: [/172.31.128.18:50114]: Connected via websocket
[18:54:34] [Netty Worker IO Thread #1/INFO] [EaglercraftXBungee]: [/172.31.128.18:50114]: Origin header is https://hydrovolter.com
[18:54:34] [Netty Worker IO Thread #1/INFO] [EaglercraftXBungee]: [/172.31.128.18:50114]: Logged in as 'Hydrovolter'
[18:54:34] [Netty Worker IO Thread #1/INFO]: [/172.31.128.18:50114|Hydrovolter] -> UpstreamBridge has connected
[18:54:34] [Netty Worker IO Thread #1/WARN]: Event LoginEvent(cancelled=false, cancelReasonComponents=null, loginResult=null, connection=[/172.31.128.18:50114|Hydrovolter] <-> InitialHandler) took 272ms to process!
[18:54:34] [Netty Worker IO Thread #1/WARN]: Event PreLoginEvent(cancelled=false, cancelReasonComponents=null, connection=[/172.31.128.18:50114|Hydrovolter] <-> InitialHandler) took 274ms to process!
[18:54:34] [Netty Worker IO Thread #1/INFO]: [Hydrovolter|/172.31.128.18:50114] <-> ServerConnector [lobby] has connected
